Mes 1:
Vacinados com a primeira dose: 12526
Vacinados com a segunda dose: 0
Vacinas devolvidas: 0
Mes 2:
Vacinados com a primeira dose: 23614
Vacinados com a segunda dose: 0
Vacinas devolvidas: 0
Mes 3:
Vacinados com a primeira dose: 27233
Vacinados com a segunda dose: 0
Vacinas devolvidas: 0
Mes 4:
Vacinados com a primeira dose: 22570
Vacinados com a segunda dose: 12526
Vacinas devolvidas: 0
Mes 5:
Vacinados com a primeira dose: 31197
Vacinados com a segunda dose: 23614
Vacinas devolvidas: 0
Mes 6:
Vacinados com a primeira dose: 29107
Vacinados com a segunda dose: 27233
Vacinas devolvidas: 0
Total:
Vacinados apenas com a primeira dose: 82874
Vacinados com as duas doses: 63373
Vacinas devolvidas: 0
