Mes 1:
Vacinados com a primeira dose: 7902
Vacinados com a segunda dose: 0
Vacinas devolvidas: 0
Mes 2:
Vacinados com a primeira dose: 27216
Vacinados com a segunda dose: 0
Vacinas devolvidas: 0
Mes 3:
Vacinados com a primeira dose: 34777
Vacinados com a segunda dose: 0
Vacinas devolvidas: 0
Mes 4:
Vacinados com a primeira dose: 43244
Vacinados com a segunda dose: 7902
Vacinas devolvidas: 0
Mes 5:
Vacinados com a primeira dose: 40221
Vacinados com a segunda dose: 27216
Vacinas devolvidas: 0
Mes 6:
Vacinados com a primeira dose: 51254
Vacinados com a segunda dose: 34777
Vacinas devolvidas: 0
Mes 7:
Vacinados com a primeira dose: 43873
Vacinados com a segunda dose: 43244
Vacinas devolvidas: 0
Total:
Vacinados apenas com a primeira dose: 135348
Vacinados com as duas doses: 113139
Vacinas devolvidas: 0
