Mes 1:
Vacinados com a primeira dose: 2116
Vacinados com a segunda dose: 0
Vacinas devolvidas: 0
Mes 2:
Vacinados com a primeira dose: 2503
Vacinados com a segunda dose: 0
Vacinas devolvidas: 0
Mes 3:
Vacinados com a primeira dose: 2237
Vacinados com a segunda dose: 0
Vacinas devolvidas: 2496
Mes 4:
Vacinados com a primeira dose: 1091
Vacinados com a segunda dose: 2116
Vacinas devolvidas: 0
Mes 5:
Vacinados com a primeira dose: 176
Vacinados com a segunda dose: 2503
Vacinas devolvidas: 0
Mes 6:
Vacinados com a primeira dose: 0
Vacinados com a segunda dose: 2237
Vacinas devolvidas: 0
Mes 7:
Vacinados com a primeira dose: 460
Vacinados com a segunda dose: 1091
Vacinas devolvidas: 0
Mes 8:
Vacinados com a primeira dose: 3399
Vacinados com a segunda dose: 176
Vacinas devolvidas: 1043
Mes 9:
Vacinados com a primeira dose: 4135
Vacinados com a segunda dose: 0
Vacinas devolvidas: 0
Mes 10:
Vacinados com a primeira dose: 1746
Vacinados com a segunda dose: 460
Vacinas devolvidas: 0
Mes 11:
Vacinados com a primeira dose: 0
Vacinados com a segunda dose: 3399
Vacinas devolvidas: 0
Total:
Vacinados apenas com a primeira dose: 5881
Vacinados com as duas doses: 11982
Vacinas devolvidas: 3539
