Mes 1:
Vacinados com a primeira dose: 1300
Vacinados com a segunda dose: 0
Vacinas devolvidas: 9000
Mes 2:
Vacinados com a primeira dose: 1200
Vacinados com a segunda dose: 0
Vacinas devolvidas: 400
Mes 3:
Vacinados com a primeira dose: 1000
Vacinados com a segunda dose: 0
Vacinas devolvidas: 400
Mes 4:
Vacinados com a primeira dose: 0
Vacinados com a segunda dose: 1300
Vacinas devolvidas: 0
Mes 5:
Vacinados com a primeira dose: 0
Vacinados com a segunda dose: 1200
Vacinas devolvidas: 0
Mes 6:
Vacinados com a primeira dose: 0
Vacinados com a segunda dose: 1000
Vacinas devolvidas: 0
Total:
Vacinados apenas com a primeira dose: 0
Vacinados com as duas doses: 3500
Vacinas devolvidas: 9800
