Mes 1:
Vacinados com a primeira dose: 3600
Vacinados com a segunda dose: 0
Vacinas devolvidas: 0
Mes 2:
Vacinados com a primeira dose: 11900
Vacinados com a segunda dose: 0
Vacinas devolvidas: 0
Mes 3:
Vacinados com a primeira dose: 24100
Vacinados com a segunda dose: 0
Vacinas devolvidas: 0
Mes 4:
Vacinados com a primeira dose: 38800
Vacinados com a segunda dose: 3600
Vacinas devolvidas: 0
Total:
Vacinados apenas com a primeira dose: 74800
Vacinados com as duas doses: 3600
Vacinas devolvidas: 0
