Mes 1:
Vacinados com a primeira dose: 3528
Vacinados com a segunda dose: 0
Vacinas devolvidas: 8114
Mes 2:
Vacinados com a primeira dose: 1012
Vacinados com a segunda dose: 0
Vacinas devolvidas: 5739
Mes 3:
Vacinados com a primeira dose: 1002
Vacinados com a segunda dose: 0
Vacinas devolvidas: 3949
Mes 4:
Vacinados com a primeira dose: 0
Vacinados com a segunda dose: 3528
Vacinas devolvidas: 0
Mes 5:
Vacinados com a primeira dose: 0
Vacinados com a segunda dose: 1012
Vacinas devolvidas: 0
Mes 6:
Vacinados com a primeira dose: 0
Vacinados com a segunda dose: 1002
Vacinas devolvidas: 0
Mes 7:
Vacinados com a primeira dose: 1002
Vacinados com a segunda dose: 0
Vacinas devolvidas: 0
Total:
Vacinados apenas com a primeira dose: 1002
Vacinados com as duas doses: 5542
Vacinas devolvidas: 17802
