Mes 1:
Vacinados com a primeira dose: 3507
Vacinados com a segunda dose: 0
Vacinas devolvidas: 34443
Mes 2:
Vacinados com a primeira dose: 3285
Vacinados com a segunda dose: 0
Vacinas devolvidas: 2943
Mes 3:
Vacinados com a primeira dose: 2350
Vacinados com a segunda dose: 0
Vacinas devolvidas: 3083
Mes 4:
Vacinados com a primeira dose: 0
Vacinados com a segunda dose: 3507
Vacinas devolvidas: 0
Mes 5:
Vacinados com a primeira dose: 0
Vacinados com a segunda dose: 3285
Vacinas devolvidas: 0
Mes 6:
Vacinados com a primeira dose: 0
Vacinados com a segunda dose: 2350
Vacinas devolvidas: 0
Mes 7:
Vacinados com a primeira dose: 1008
Vacinados com a segunda dose: 0
Vacinas devolvidas: 26
Mes 8:
Vacinados com a primeira dose: 1000
Vacinados com a segunda dose: 0
Vacinas devolvidas: 14
Mes 9:
Vacinados com a primeira dose: 1010
Vacinados com a segunda dose: 0
Vacinas devolvidas: 0
Mes 10:
Vacinados com a primeira dose: 0
Vacinados com a segunda dose: 1008
Vacinas devolvidas: 0
Mes 11:
Vacinados com a primeira dose: 0
Vacinados com a segunda dose: 1000
Vacinas devolvidas: 0
Total:
Vacinados apenas com a primeira dose: 1010
Vacinados com as duas doses: 11150
Vacinas devolvidas: 40509
