Mes 1:
Vacinados com a primeira dose: 1950
Vacinados com a segunda dose: 0
Vacinas devolvidas: 2559
Mes 2:
Vacinados com a primeira dose: 1781
Vacinados com a segunda dose: 0
Vacinas devolvidas: 0
Mes 3:
Vacinados com a primeira dose: 1061
Vacinados com a segunda dose: 0
Vacinas devolvidas: 0
Mes 4:
Vacinados com a primeira dose: 0
Vacinados com a segunda dose: 1950
Vacinas devolvidas: 0
Mes 5:
Vacinados com a primeira dose: 19
Vacinados com a segunda dose: 1781
Vacinas devolvidas: 0
Mes 6:
Vacinados com a primeira dose: 2712
Vacinados com a segunda dose: 1061
Vacinas devolvidas: 0
Mes 7:
Vacinados com a primeira dose: 3124
Vacinados com a segunda dose: 0
Vacinas devolvidas: 0
Mes 8:
Vacinados com a primeira dose: 4531
Vacinados com a segunda dose: 19
Vacinas devolvidas: 0
Total:
Vacinados apenas com a primeira dose: 10367
Vacinados com as duas doses: 4811
Vacinas devolvidas: 2559
